[sites.google.com/view/shop-design-elite/members.html]
[backblue.gif]
[fade.gif]
[index.html]
[ssl.gstatic.com/atari/images/level-header.png]
[ssl.gstatic.com/docs/common/cleardot.gif]
[apis.google.com/js/clientc932.js]
[sites.google.com/view/shop-design-elite/home.html]
[sites.google.com/view/shop-design-elite/prices.html]
[sites.google.com/view/shop-design-elite/intro.html]
[sites.google.com/view/shop-design-elite/outro.html]
[sites.google.com/view/shop-design-elite/logo.html]
[sites.google.com/view/shop-design-elite/members.html]
[sites.google.com/view/shop-design-elite/home.html]
[sites.google.com/view/shop-design-elite/prices.html]
[sites.google.com/view/shop-design-elite/intro.html]
[sites.google.com/view/shop-design-elite/outro.html]
[sites.google.com/view/shop-design-elite/logo.html]
[sites.google.com/view/shop-design-elite/banner.html]
[sites.google.com/view/shop-design-elite/banner.html]
